# JRE version: Java(TM) SE Runtime Environment (8.0_161-b12) (build 1.8.0_161-b12)
# Java VM: Java HotSpot(TM) 64-Bit Server VM (25.161-b12 mixed mode windows-amd64 compressed oops)
Heap:
 PSYoungGen      total 605696K, used 125980K [0x00000000d5700000, 0x0000000100000000, 0x0000000100000000)
  eden space 522240K, 13% used [0x00000000d5700000,0x00000000d99dd020,0x00000000f5500000)
  from space 83456K, 68% used [0x00000000fae80000,0x00000000fe6aa2e0,0x0000000100000000)
  to   space 87552K, 0% used [0x00000000f5500000,0x00000000f5500000,0x00000000faa80000)
 ParOldGen       total 362496K, used 212324K [0x0000000080400000, 0x0000000096600000, 0x00000000d5700000)
  object space 362496K, 58% used [0x0000000080400000,0x000000008d359308,0x0000000096600000)
 Metaspace       used 66553K, capacity 67505K, committed 68056K, reserved 1107968K
  class space    used 9634K, capacity 9886K, committed 9984K, reserved 1048576K
GC Heap History (10 events):
Event: 38.452 GC heap before
{Heap before GC invocations=25 (full 4):
 PSYoungGen      total 571904K, used 571878K [0x00000000d5700000, 0x0000000100000000, 0x0000000100000000)
  eden space 514048K, 100% used [0x00000000d5700000,0x00000000f4d00000,0x00000000f4d00000)
  from space 57856K, 99% used [0x00000000fc780000,0x00000000ffff9818,0x0000000100000000)
  to   space 91648K, 0% used [0x00000000f4d00000,0x00000000f4d00000,0x00000000fa680000)
 ParOldGen       total 240128K, used 183658K [0x0000000080400000, 0x000000008ee80000, 0x00000000d5700000)
  object space 240128K, 76% used [0x0000000080400000,0x000000008b75a888,0x000000008ee80000)
 Metaspace       used 60374K, capacity 61025K, committed 61400K, reserved 1101824K
  class space    used 8485K, capacity 8690K, committed 8704K, reserved 1048576K
Event: 38.534 GC heap after
Heap after GC invocations=25 (full 4):
 PSYoungGen      total 605696K, used 25539K [0x00000000d5700000, 0x0000000100000000, 0x0000000100000000)
  eden space 514048K, 0% used [0x00000000d5700000,0x00000000d5700000,0x00000000f4d00000)
  from space 91648K, 27% used [0x00000000f4d00000,0x00000000f65f0fa8,0x00000000fa680000)
  to   space 87552K, 0% used [0x00000000faa80000,0x00000000faa80000,0x0000000100000000)
 ParOldGen       total 242688K, used 240763K [0x0000000080400000, 0x000000008f100000, 0x00000000d5700000)
  object space 242688K, 99% used [0x0000000080400000,0x000000008ef1ef48,0x000000008f100000)
 Metaspace       used 60374K, capacity 61025K, committed 61400K, reserved 1101824K
  class space    used 8485K, capacity 8690K, committed 8704K, reserved 1048576K
}
Event: 38.534 GC heap before
{Heap before GC invocations=26 (full 5):
 PSYoungGen      total 605696K, used 25539K [0x00000000d5700000, 0x0000000100000000, 0x0000000100000000)
  eden space 514048K, 0% used [0x00000000d5700000,0x00000000d5700000,0x00000000f4d00000)
  from space 91648K, 27% used [0x00000000f4d00000,0x00000000f65f0fa8,0x00000000fa680000)
  to   space 87552K, 0% used [0x00000000faa80000,0x00000000faa80000,0x0000000100000000)
 ParOldGen       total 242688K, used 240763K [0x0000000080400000, 0x000000008f100000, 0x00000000d5700000)
  object space 242688K, 99% used [0x0000000080400000,0x000000008ef1ef48,0x000000008f100000)
 Metaspace       used 60374K, capacity 61025K, committed 61400K, reserved 1101824K
  class space    used 8485K, capacity 8690K, committed 8704K, reserved 1048576K
Event: 39.091 GC heap after
Heap after GC invocations=26 (full 5):
 PSYoungGen      total 605696K, used 0K [0x00000000d5700000, 0x0000000100000000, 0x0000000100000000)
  eden space 514048K, 0% used [0x00000000d5700000,0x00000000d5700000,0x00000000f4d00000)
  from space 91648K, 0% used [0x00000000f4d00000,0x00000000f4d00000,0x00000000fa680000)
  to   space 87552K, 0% used [0x00000000faa80000,0x00000000faa80000,0x0000000100000000)
 ParOldGen       total 362496K, used 212308K [0x0000000080400000, 0x0000000096600000, 0x00000000d5700000)
  object space 362496K, 58% used [0x0000000080400000,0x000000008d355308,0x0000000096600000)
 Metaspace       used 60374K, capacity 61025K, committed 61400K, reserved 1101824K
  class space    used 8485K, capacity 8690K, committed 8704K, reserved 1048576K
}
Event: 40.433 GC heap before
{Heap before GC invocations=27 (full 5):
 PSYoungGen      total 605696K, used 514048K [0x00000000d5700000, 0x0000000100000000, 0x0000000100000000)
  eden space 514048K, 100% used [0x00000000d5700000,0x00000000f4d00000,0x00000000f4d00000)
  from space 91648K, 0% used [0x00000000f4d00000,0x00000000f4d00000,0x00000000fa680000)
  to   space 87552K, 0% used [0x00000000faa80000,0x00000000faa80000,0x0000000100000000)
 ParOldGen       total 362496K, used 212308K [0x0000000080400000, 0x0000000096600000, 0x00000000d5700000)
  object space 362496K, 58% used [0x0000000080400000,0x000000008d355308,0x0000000096600000)
 Metaspace       used 60394K, capacity 61057K, committed 61528K, reserved 1101824K
  class space    used 8502K, capacity 8722K, committed 8832K, reserved 1048576K
Event: 40.470 GC heap after
Heap after GC invocations=27 (full 5):
 PSYoungGen      total 594432K, used 24420K [0x00000000d5700000, 0x00000000ff500000, 0x0000000100000000)
  eden space 518144K, 0% used [0x00000000d5700000,0x00000000d5700000,0x00000000f5100000)
  from space 76288K, 32% used [0x00000000faa80000,0x00000000fc259370,0x00000000ff500000)
  to   space 83968K, 0% used [0x00000000f5100000,0x00000000f5100000,0x00000000fa300000)
 ParOldGen       total 362496K, used 212308K [0x0000000080400000, 0x0000000096600000, 0x00000000d5700000)
  object space 362496K, 58% used [0x0000000080400000,0x000000008d355308,0x0000000096600000)
 Metaspace       used 60394K, capacity 61057K, committed 61528K, reserved 1101824K
  class space    used 8502K, capacity 8722K, committed 8832K, reserved 1048576K
}
Event: 42.487 GC heap before
{Heap before GC invocations=28 (full 5):
 PSYoungGen      total 594432K, used 542564K [0x00000000d5700000, 0x00000000ff500000, 0x0000000100000000)
  eden space 518144K, 100% used [0x00000000d5700000,0x00000000f5100000,0x00000000f5100000)
  from space 76288K, 32% used [0x00000000faa80000,0x00000000fc259370,0x00000000ff500000)
  to   space 83968K, 0% used [0x00000000f5100000,0x00000000f5100000,0x00000000fa300000)
 ParOldGen       total 362496K, used 212308K [0x0000000080400000, 0x0000000096600000, 0x00000000d5700000)
  object space 362496K, 58% used [0x0000000080400000,0x000000008d355308,0x0000000096600000)
 Metaspace       used 63039K, capacity 63825K, committed 64344K, reserved 1103872K
  class space    used 9018K, capacity 9254K, committed 9344K, reserved 1048576K
Event: 42.530 GC heap after
Heap after GC invocations=28 (full 5):
 PSYoungGen      total 602112K, used 45729K [0x00000000d5700000, 0x0000000100000000, 0x0000000100000000)
  eden space 518144K, 0% used [0x00000000d5700000,0x00000000d5700000,0x00000000f5100000)
  from space 83968K, 54% used [0x00000000f5100000,0x00000000f7da8488,0x00000000fa300000)
  to   space 83456K, 0% used [0x00000000fae80000,0x00000000fae80000,0x0000000100000000)
 ParOldGen       total 362496K, used 212316K [0x0000000080400000, 0x0000000096600000, 0x00000000d5700000)
  object space 362496K, 58% used [0x0000000080400000,0x000000008d357308,0x0000000096600000)
 Metaspace       used 63039K, capacity 63825K, committed 64344K, reserved 1103872K
  class space    used 9018K, capacity 9254K, committed 9344K, reserved 1048576K
}
Event: 47.913 GC heap before
{Heap before GC invocations=29 (full 5):
 PSYoungGen      total 602112K, used 553741K [0x00000000d5700000, 0x0000000100000000, 0x0000000100000000)
  eden space 518144K, 98% used [0x00000000d5700000,0x00000000f471b0a0,0x00000000f5100000)
  from space 83968K, 54% used [0x00000000f5100000,0x00000000f7da8488,0x00000000fa300000)
  to   space 83456K, 0% used [0x00000000fae80000,0x00000000fae80000,0x0000000100000000)
 ParOldGen       total 362496K, used 212316K [0x0000000080400000, 0x0000000096600000, 0x00000000d5700000)
  object space 362496K, 58% used [0x0000000080400000,0x000000008d357308,0x0000000096600000)
 Metaspace       used 65865K, capacity 66815K, committed 67160K, reserved 1105920K
  class space    used 9565K, capacity 9811K, committed 9856K, reserved 1048576K
Event: 47.955 GC heap after
Heap after GC invocations=29 (full 5):
 PSYoungGen      total 605696K, used 57512K [0x00000000d5700000, 0x0000000100000000, 0x0000000100000000)
  eden space 522240K, 0% used [0x00000000d5700000,0x00000000d5700000,0x00000000f5500000)
  from space 83456K, 68% used [0x00000000fae80000,0x00000000fe6aa2e0,0x0000000100000000)
  to   space 87552K, 0% used [0x00000000f5500000,0x00000000f5500000,0x00000000faa80000)
 ParOldGen       total 362496K, used 212324K [0x0000000080400000, 0x0000000096600000, 0x00000000d5700000)
  object space 362496K, 58% used [0x0000000080400000,0x000000008d359308,0x0000000096600000)
 Metaspace       used 65865K, capacity 66815K, committed 67160K, reserved 1105920K
  class space    used 9565K, capacity 9811K, committed 9856K, reserved 1048576K
}

