# JRE version: Java(TM) SE Runtime Environment (8.0_161-b12) (build 1.8.0_161-b12)
# Java VM: Java HotSpot(TM) 64-Bit Server VM (25.161-b12 mixed mode windows-amd64 compressed oops)
Heap:
 PSYoungGen      total 592384K, used 490829K [0x00000000d5700000, 0x0000000100000000, 0x0000000100000000)
  eden space 494592K, 85% used [0x00000000d5700000,0x00000000ef5bbe00,0x00000000f3a00000)
  from space 97792K, 67% used [0x00000000fa080000,0x00000000fe117918,0x0000000100000000)
  to   space 101376K, 0% used [0x00000000f3a00000,0x00000000f3a00000,0x00000000f9d00000)
 ParOldGen       total 292352K, used 221657K [0x0000000080400000, 0x0000000092180000, 0x00000000d5700000)
  object space 292352K, 75% used [0x0000000080400000,0x000000008dc76618,0x0000000092180000)
 Metaspace       used 64278K, capacity 65149K, committed 65624K, reserved 1105920K
  class space    used 9307K, capacity 9554K, committed 9600K, reserved 1048576K
GC Heap History (10 events):
Event: 31.884 GC heap before
{Heap before GC invocations=24 (full 4):
 PSYoungGen      total 622080K, used 570858K [0x00000000d5700000, 0x0000000100000000, 0x0000000100000000)
  eden space 568320K, 100% used [0x00000000d5700000,0x00000000f8200000,0x00000000f8200000)
  from space 53760K, 4% used [0x00000000f8200000,0x00000000f847aa20,0x00000000fb680000)
  to   space 72192K, 0% used [0x00000000fb980000,0x00000000fb980000,0x0000000100000000)
 ParOldGen       total 292352K, used 167072K [0x0000000080400000, 0x0000000092180000, 0x00000000d5700000)
  object space 292352K, 57% used [0x0000000080400000,0x000000008a728000,0x0000000092180000)
 Metaspace       used 56160K, capacity 56779K, committed 57304K, reserved 1099776K
  class space    used 7643K, capacity 7879K, committed 7936K, reserved 1048576K
Event: 31.933 GC heap after
Heap after GC invocations=24 (full 4):
 PSYoungGen      total 626688K, used 36516K [0x00000000d5700000, 0x0000000100000000, 0x0000000100000000)
  eden space 554496K, 0% used [0x00000000d5700000,0x00000000d5700000,0x00000000f7480000)
  from space 72192K, 50% used [0x00000000fb980000,0x00000000fdd29070,0x0000000100000000)
  to   space 70656K, 0% used [0x00000000f7480000,0x00000000f7480000,0x00000000fb980000)
 ParOldGen       total 292352K, used 167544K [0x0000000080400000, 0x0000000092180000, 0x00000000d5700000)
  object space 292352K, 57% used [0x0000000080400000,0x000000008a79e030,0x0000000092180000)
 Metaspace       used 56160K, capacity 56779K, committed 57304K, reserved 1099776K
  class space    used 7643K, capacity 7879K, committed 7936K, reserved 1048576K
}
Event: 33.798 GC heap before
{Heap before GC invocations=25 (full 4):
 PSYoungGen      total 626688K, used 591012K [0x00000000d5700000, 0x0000000100000000, 0x0000000100000000)
  eden space 554496K, 100% used [0x00000000d5700000,0x00000000f7480000,0x00000000f7480000)
  from space 72192K, 50% used [0x00000000fb980000,0x00000000fdd29070,0x0000000100000000)
  to   space 70656K, 0% used [0x00000000f7480000,0x00000000f7480000,0x00000000fb980000)
 ParOldGen       total 292352K, used 167544K [0x0000000080400000, 0x0000000092180000, 0x00000000d5700000)
  object space 292352K, 57% used [0x0000000080400000,0x000000008a79e030,0x0000000092180000)
 Metaspace       used 58905K, capacity 59519K, committed 60120K, reserved 1101824K
  class space    used 8178K, capacity 8411K, committed 8448K, reserved 1048576K
Event: 33.882 GC heap after
Heap after GC invocations=25 (full 4):
 PSYoungGen      total 614912K, used 60021K [0x00000000d5700000, 0x0000000100000000, 0x0000000100000000)
  eden space 554496K, 0% used [0x00000000d5700000,0x00000000d5700000,0x00000000f7480000)
  from space 60416K, 99% used [0x00000000f7480000,0x00000000faf1d6a8,0x00000000faf80000)
  to   space 78336K, 0% used [0x00000000fb380000,0x00000000fb380000,0x0000000100000000)
 ParOldGen       total 292352K, used 167552K [0x0000000080400000, 0x0000000092180000, 0x00000000d5700000)
  object space 292352K, 57% used [0x0000000080400000,0x000000008a7a0030,0x0000000092180000)
 Metaspace       used 58905K, capacity 59519K, committed 60120K, reserved 1101824K
  class space    used 8178K, capacity 8411K, committed 8448K, reserved 1048576K
}
Event: 35.524 GC heap before
{Heap before GC invocations=26 (full 4):
 PSYoungGen      total 614912K, used 614517K [0x00000000d5700000, 0x0000000100000000, 0x0000000100000000)
  eden space 554496K, 100% used [0x00000000d5700000,0x00000000f7480000,0x00000000f7480000)
  from space 60416K, 99% used [0x00000000f7480000,0x00000000faf1d6a8,0x00000000faf80000)
  to   space 78336K, 0% used [0x00000000fb380000,0x00000000fb380000,0x0000000100000000)
 ParOldGen       total 292352K, used 167552K [0x0000000080400000, 0x0000000092180000, 0x00000000d5700000)
  object space 292352K, 57% used [0x0000000080400000,0x000000008a7a0030,0x0000000092180000)
 Metaspace       used 60271K, capacity 60895K, committed 61272K, reserved 1101824K
  class space    used 8616K, capacity 8827K, committed 8832K, reserved 1048576K
Event: 35.604 GC heap after
Heap after GC invocations=26 (full 4):
 PSYoungGen      total 593408K, used 78319K [0x00000000d5700000, 0x0000000100000000, 0x0000000100000000)
  eden space 515072K, 0% used [0x00000000d5700000,0x00000000d5700000,0x00000000f4e00000)
  from space 78336K, 99% used [0x00000000fb380000,0x00000000ffffbc18,0x0000000100000000)
  to   space 91136K, 0% used [0x00000000f4e00000,0x00000000f4e00000,0x00000000fa700000)
 ParOldGen       total 292352K, used 168171K [0x0000000080400000, 0x0000000092180000, 0x00000000d5700000)
  object space 292352K, 57% used [0x0000000080400000,0x000000008a83aee8,0x0000000092180000)
 Metaspace       used 60271K, capacity 60895K, committed 61272K, reserved 1101824K
  class space    used 8616K, capacity 8827K, committed 8832K, reserved 1048576K
}
Event: 36.987 GC heap before
{Heap before GC invocations=27 (full 4):
 PSYoungGen      total 593408K, used 593391K [0x00000000d5700000, 0x0000000100000000, 0x0000000100000000)
  eden space 515072K, 100% used [0x00000000d5700000,0x00000000f4e00000,0x00000000f4e00000)
  from space 78336K, 99% used [0x00000000fb380000,0x00000000ffffbc18,0x0000000100000000)
  to   space 91136K, 0% used [0x00000000f4e00000,0x00000000f4e00000,0x00000000fa700000)
 ParOldGen       total 292352K, used 168171K [0x0000000080400000, 0x0000000092180000, 0x00000000d5700000)
  object space 292352K, 57% used [0x0000000080400000,0x000000008a83aee8,0x0000000092180000)
 Metaspace       used 60448K, capacity 61087K, committed 61656K, reserved 1101824K
  class space    used 8674K, capacity 8891K, committed 8960K, reserved 1048576K
Event: 37.087 GC heap after
Heap after GC invocations=27 (full 4):
 PSYoungGen      total 584704K, used 69180K [0x00000000d5700000, 0x0000000100000000, 0x0000000100000000)
  eden space 515072K, 0% used [0x00000000d5700000,0x00000000d5700000,0x00000000f4e00000)
  from space 69632K, 99% used [0x00000000f4e00000,0x00000000f918f358,0x00000000f9200000)
  to   space 97792K, 0% used [0x00000000fa080000,0x00000000fa080000,0x0000000100000000)
 ParOldGen       total 292352K, used 198358K [0x0000000080400000, 0x0000000092180000, 0x00000000d5700000)
  object space 292352K, 67% used [0x0000000080400000,0x000000008c5b5a90,0x0000000092180000)
 Metaspace       used 60448K, capacity 61087K, committed 61656K, reserved 1101824K
  class space    used 8674K, capacity 8891K, committed 8960K, reserved 1048576K
}
Event: 38.694 GC heap before
{Heap before GC invocations=28 (full 4):
 PSYoungGen      total 584704K, used 584252K [0x00000000d5700000, 0x0000000100000000, 0x0000000100000000)
  eden space 515072K, 100% used [0x00000000d5700000,0x00000000f4e00000,0x00000000f4e00000)
  from space 69632K, 99% used [0x00000000f4e00000,0x00000000f918f358,0x00000000f9200000)
  to   space 97792K, 0% used [0x00000000fa080000,0x00000000fa080000,0x0000000100000000)
 ParOldGen       total 292352K, used 198358K [0x0000000080400000, 0x0000000092180000, 0x00000000d5700000)
  object space 292352K, 67% used [0x0000000080400000,0x000000008c5b5a90,0x0000000092180000)
 Metaspace       used 61874K, capacity 62509K, committed 63192K, reserved 1103872K
  class space    used 8975K, capacity 9188K, committed 9216K, reserved 1048576K
Event: 38.772 GC heap after
Heap after GC invocations=28 (full 4):
 PSYoungGen      total 592384K, used 66142K [0x00000000d5700000, 0x0000000100000000, 0x0000000100000000)
  eden space 494592K, 0% used [0x00000000d5700000,0x00000000d5700000,0x00000000f3a00000)
  from space 97792K, 67% used [0x00000000fa080000,0x00000000fe117918,0x0000000100000000)
  to   space 101376K, 0% used [0x00000000f3a00000,0x00000000f3a00000,0x00000000f9d00000)
 ParOldGen       total 292352K, used 221657K [0x0000000080400000, 0x0000000092180000, 0x00000000d5700000)
  object space 292352K, 75% used [0x0000000080400000,0x000000008dc76618,0x0000000092180000)
 Metaspace       used 61874K, capacity 62509K, committed 63192K, reserved 1103872K
  class space    used 8975K, capacity 9188K, committed 9216K, reserved 1048576K
}

