# JRE version: Java(TM) SE Runtime Environment (8.0_161-b12) (build 1.8.0_161-b12)
# Java VM: Java HotSpot(TM) 64-Bit Server VM (25.161-b12 mixed mode windows-amd64 compressed oops)
Heap:
 PSYoungGen      total 625152K, used 577545K [0x00000000d5700000, 0x00000000ff780000, 0x0000000100000000)
  eden space 573952K, 96% used [0x00000000d5700000,0x00000000f74244a0,0x00000000f8780000)
  from space 51200K, 45% used [0x00000000fc580000,0x00000000fdc5dfe0,0x00000000ff780000)
  to   space 57344K, 0% used [0x00000000f8780000,0x00000000f8780000,0x00000000fbf80000)
 ParOldGen       total 348160K, used 198125K [0x0000000080400000, 0x0000000095800000, 0x00000000d5700000)
  object space 348160K, 56% used [0x0000000080400000,0x000000008c57b4b0,0x0000000095800000)
 Metaspace       used 60017K, capacity 60779K, committed 61272K, reserved 1101824K
  class space    used 8568K, capacity 8787K, committed 8832K, reserved 1048576K
GC Heap History (10 events):
Event: 27.491 GC heap before
{Heap before GC invocations=19 (full 4):
 PSYoungGen      total 638464K, used 588800K [0x00000000d5700000, 0x00000000ff700000, 0x0000000100000000)
  eden space 588800K, 100% used [0x00000000d5700000,0x00000000f9600000,0x00000000f9600000)
  from space 49664K, 0% used [0x00000000fc680000,0x00000000fc680000,0x00000000ff700000)
  to   space 49664K, 0% used [0x00000000f9600000,0x00000000f9600000,0x00000000fc680000)
 ParOldGen       total 237568K, used 123091K [0x0000000080400000, 0x000000008ec00000, 0x00000000d5700000)
  object space 237568K, 51% used [0x0000000080400000,0x0000000087c34c38,0x000000008ec00000)
 Metaspace       used 52133K, capacity 52723K, committed 53336K, reserved 1095680K
  class space    used 7024K, capacity 7197K, committed 7296K, reserved 1048576K
Event: 27.542 GC heap after
Heap after GC invocations=19 (full 4):
 PSYoungGen      total 638464K, used 27320K [0x00000000d5700000, 0x00000000ffe00000, 0x0000000100000000)
  eden space 588800K, 0% used [0x00000000d5700000,0x00000000d5700000,0x00000000f9600000)
  from space 49664K, 55% used [0x00000000f9600000,0x00000000fb0ae1b8,0x00000000fc680000)
  to   space 48640K, 0% used [0x00000000fce80000,0x00000000fce80000,0x00000000ffe00000)
 ParOldGen       total 237568K, used 123099K [0x0000000080400000, 0x000000008ec00000, 0x00000000d5700000)
  object space 237568K, 51% used [0x0000000080400000,0x0000000087c36c38,0x000000008ec00000)
 Metaspace       used 52133K, capacity 52723K, committed 53336K, reserved 1095680K
  class space    used 7024K, capacity 7197K, committed 7296K, reserved 1048576K
}
Event: 34.094 GC heap before
{Heap before GC invocations=20 (full 4):
 PSYoungGen      total 638464K, used 616120K [0x00000000d5700000, 0x00000000ffe00000, 0x0000000100000000)
  eden space 588800K, 100% used [0x00000000d5700000,0x00000000f9600000,0x00000000f9600000)
  from space 49664K, 55% used [0x00000000f9600000,0x00000000fb0ae1b8,0x00000000fc680000)
  to   space 48640K, 0% used [0x00000000fce80000,0x00000000fce80000,0x00000000ffe00000)
 ParOldGen       total 237568K, used 123099K [0x0000000080400000, 0x000000008ec00000, 0x00000000d5700000)
  object space 237568K, 51% used [0x0000000080400000,0x0000000087c36c38,0x000000008ec00000)
 Metaspace       used 55632K, capacity 56259K, committed 56664K, reserved 1097728K
  class space    used 7791K, capacity 7997K, committed 8064K, reserved 1048576K
Event: 34.148 GC heap after
Heap after GC invocations=20 (full 4):
 PSYoungGen      total 619008K, used 48609K [0x00000000d5700000, 0x0000000100000000, 0x0000000100000000)
  eden space 570368K, 0% used [0x00000000d5700000,0x00000000d5700000,0x00000000f8400000)
  from space 48640K, 99% used [0x00000000fce80000,0x00000000ffdf8668,0x00000000ffe00000)
  to   space 63488K, 0% used [0x00000000f8400000,0x00000000f8400000,0x00000000fc200000)
 ParOldGen       total 237568K, used 143463K [0x0000000080400000, 0x000000008ec00000, 0x00000000d5700000)
  object space 237568K, 60% used [0x0000000080400000,0x0000000089019f68,0x000000008ec00000)
 Metaspace       used 55632K, capacity 56259K, committed 56664K, reserved 1097728K
  class space    used 7791K, capacity 7997K, committed 8064K, reserved 1048576K
}
Event: 35.633 GC heap before
{Heap before GC invocations=21 (full 4):
 PSYoungGen      total 619008K, used 618977K [0x00000000d5700000, 0x0000000100000000, 0x0000000100000000)
  eden space 570368K, 100% used [0x00000000d5700000,0x00000000f8400000,0x00000000f8400000)
  from space 48640K, 99% used [0x00000000fce80000,0x00000000ffdf8668,0x00000000ffe00000)
  to   space 63488K, 0% used [0x00000000f8400000,0x00000000f8400000,0x00000000fc200000)
 ParOldGen       total 237568K, used 143463K [0x0000000080400000, 0x000000008ec00000, 0x00000000d5700000)
  object space 237568K, 60% used [0x0000000080400000,0x0000000089019f68,0x000000008ec00000)
 Metaspace       used 55928K, capacity 56515K, committed 56920K, reserved 1097728K
  class space    used 7867K, capacity 8061K, committed 8064K, reserved 1048576K
Event: 35.706 GC heap after
Heap after GC invocations=21 (full 4):
 PSYoungGen      total 633856K, used 27116K [0x00000000d5700000, 0x0000000100000000, 0x0000000100000000)
  eden space 570368K, 0% used [0x00000000d5700000,0x00000000d5700000,0x00000000f8400000)
  from space 63488K, 42% used [0x00000000f8400000,0x00000000f9e7b1f8,0x00000000fc200000)
  to   space 59904K, 0% used [0x00000000fc580000,0x00000000fc580000,0x0000000100000000)
 ParOldGen       total 237568K, used 191193K [0x0000000080400000, 0x000000008ec00000, 0x00000000d5700000)
  object space 237568K, 80% used [0x0000000080400000,0x000000008beb6490,0x000000008ec00000)
 Metaspace       used 55928K, capacity 56515K, committed 56920K, reserved 1097728K
  class space    used 7867K, capacity 8061K, committed 8064K, reserved 1048576K
}
Event: 35.706 GC heap before
{Heap before GC invocations=22 (full 5):
 PSYoungGen      total 633856K, used 27116K [0x00000000d5700000, 0x0000000100000000, 0x0000000100000000)
  eden space 570368K, 0% used [0x00000000d5700000,0x00000000d5700000,0x00000000f8400000)
  from space 63488K, 42% used [0x00000000f8400000,0x00000000f9e7b1f8,0x00000000fc200000)
  to   space 59904K, 0% used [0x00000000fc580000,0x00000000fc580000,0x0000000100000000)
 ParOldGen       total 237568K, used 191193K [0x0000000080400000, 0x000000008ec00000, 0x00000000d5700000)
  object space 237568K, 80% used [0x0000000080400000,0x000000008beb6490,0x000000008ec00000)
 Metaspace       used 55928K, capacity 56515K, committed 56920K, reserved 1097728K
  class space    used 7867K, capacity 8061K, committed 8064K, reserved 1048576K
Event: 36.230 GC heap after
Heap after GC invocations=22 (full 5):
 PSYoungGen      total 633856K, used 0K [0x00000000d5700000, 0x0000000100000000, 0x0000000100000000)
  eden space 570368K, 0% used [0x00000000d5700000,0x00000000d5700000,0x00000000f8400000)
  from space 63488K, 0% used [0x00000000f8400000,0x00000000f8400000,0x00000000fc200000)
  to   space 59904K, 0% used [0x00000000fc580000,0x00000000fc580000,0x0000000100000000)
 ParOldGen       total 348160K, used 198117K [0x0000000080400000, 0x0000000095800000, 0x00000000d5700000)
  object space 348160K, 56% used [0x0000000080400000,0x000000008c5794b0,0x0000000095800000)
 Metaspace       used 55928K, capacity 56515K, committed 56920K, reserved 1097728K
  class space    used 7867K, capacity 8061K, committed 8064K, reserved 1048576K
}
Event: 37.850 GC heap before
{Heap before GC invocations=23 (full 5):
 PSYoungGen      total 633856K, used 570368K [0x00000000d5700000, 0x0000000100000000, 0x0000000100000000)
  eden space 570368K, 100% used [0x00000000d5700000,0x00000000f8400000,0x00000000f8400000)
  from space 63488K, 0% used [0x00000000f8400000,0x00000000f8400000,0x00000000fc200000)
  to   space 59904K, 0% used [0x00000000fc580000,0x00000000fc580000,0x0000000100000000)
 ParOldGen       total 348160K, used 198117K [0x0000000080400000, 0x0000000095800000, 0x00000000d5700000)
  object space 348160K, 56% used [0x0000000080400000,0x000000008c5794b0,0x0000000095800000)
 Metaspace       used 56428K, capacity 57027K, committed 57560K, reserved 1099776K
  class space    used 8012K, capacity 8189K, committed 8192K, reserved 1048576K
Event: 37.883 GC heap after
Heap after GC invocations=23 (full 5):
 PSYoungGen      total 625152K, used 23415K [0x00000000d5700000, 0x00000000ff780000, 0x0000000100000000)
  eden space 573952K, 0% used [0x00000000d5700000,0x00000000d5700000,0x00000000f8780000)
  from space 51200K, 45% used [0x00000000fc580000,0x00000000fdc5dfe0,0x00000000ff780000)
  to   space 57344K, 0% used [0x00000000f8780000,0x00000000f8780000,0x00000000fbf80000)
 ParOldGen       total 348160K, used 198125K [0x0000000080400000, 0x0000000095800000, 0x00000000d5700000)
  object space 348160K, 56% used [0x0000000080400000,0x000000008c57b4b0,0x0000000095800000)
 Metaspace       used 56428K, capacity 57027K, committed 57560K, reserved 1099776K
  class space    used 8012K, capacity 8189K, committed 8192K, reserved 1048576K
}

